<?xml version="1.0" encoding="UTF-8"?>
<testsuite xmlns:xsi="http://www.w3.org/2001/XMLSchema-instance" xsi:noNamespaceSchemaLocation="https://maven.apache.org/surefire/maven-surefire-plugin/xsd/surefire-test-report.xsd" name="com.chain.blog.BlogApplicationTests" time="5.667" tests="1" errors="0" skipped="0" failures="0">
  <properties>
    <property name="sun.desktop" value="windows"/>
    <property name="awt.toolkit" value="sun.awt.windows.WToolkit"/>
    <property name="file.encoding.pkg" value="sun.io"/>
    <property name="java.specification.version" value="1.8"/>
    <property name="sun.cpu.isalist" value="amd64"/>
    <property name="sun.jnu.encoding" value="GBK"/>
    <property name="java.class.path" value="F:\blog\target\test-classes;F:\blog\target\classes;F:\apache-maven-3.6.0\maven-repository\org\springframework\boot\spring-boot-starter-tomcat\2.2.3.BUILD-SNAPSHOT\spring-boot-starter-tomcat-2.2.3.BUILD-SNAPSHOT.jar;F:\apache-maven-3.6.0\maven-repository\jakarta\annotation\jakarta.annotation-api\1.3.5\jakarta.annotation-api-1.3.5.jar;F:\apache-maven-3.6.0\maven-repository\org\apache\tomcat\embed\tomcat-embed-core\9.0.30\tomcat-embed-core-9.0.30.jar;F:\apache-maven-3.6.0\maven-repository\org\apache\tomcat\embed\tomcat-embed-el\9.0.30\tomcat-embed-el-9.0.30.jar;F:\apache-maven-3.6.0\maven-repository\org\apache\tomcat\embed\tomcat-embed-websocket\9.0.30\tomcat-embed-websocket-9.0.30.jar;F:\apache-maven-3.6.0\maven-repository\org\springframework\boot\spring-boot-starter-web\2.2.3.BUILD-SNAPSHOT\spring-boot-starter-web-2.2.3.BUILD-SNAPSHOT.jar;F:\apache-maven-3.6.0\maven-repository\org\springframework\boot\spring-boot-starter\2.2.3.BUILD-SNAPSHOT\spring-boot-starter-2.2.3.BUILD-SNAPSHOT.jar;F:\apache-maven-3.6.0\maven-repository\org\springframework\boot\spring-boot-starter-logging\2.2.3.BUILD-SNAPSHOT\spring-boot-starter-logging-2.2.3.BUILD-SNAPSHOT.jar;F:\apache-maven-3.6.0\maven-repository\ch\qos\logback\logback-classic\1.2.3\logback-classic-1.2.3.jar;F:\apache-maven-3.6.0\maven-repository\ch\qos\logback\logback-core\1.2.3\logback-core-1.2.3.jar;F:\apache-maven-3.6.0\maven-repository\org\apache\logging\log4j\log4j-to-slf4j\2.12.1\log4j-to-slf4j-2.12.1.jar;F:\apache-maven-3.6.0\maven-repository\org\apache\logging\log4j\log4j-api\2.12.1\log4j-api-2.12.1.jar;F:\apache-maven-3.6.0\maven-repository\org\slf4j\jul-to-slf4j\1.7.30\jul-to-slf4j-1.7.30.jar;F:\apache-maven-3.6.0\maven-repository\org\yaml\snakeyaml\1.25\snakeyaml-1.25.jar;F:\apache-maven-3.6.0\maven-repository\org\springframework\boot\spring-boot-starter-json\2.2.3.BUILD-SNAPSHOT\spring-boot-starter-json-2.2.3.BUILD-SNAPSHOT.jar;F:\apache-maven-3.6.0\maven-repository\com\fasterxml\jackson\core\jackson-databind\2.10.2\jackson-databind-2.10.2.jar;F:\apache-maven-3.6.0\maven-repository\com\fasterxml\jackson\core\jackson-annotations\2.10.2\jackson-annotations-2.10.2.jar;F:\apache-maven-3.6.0\maven-repository\com\fasterxml\jackson\core\jackson-core\2.10.2\jackson-core-2.10.2.jar;F:\apache-maven-3.6.0\maven-repository\com\fasterxml\jackson\datatype\jackson-datatype-jdk8\2.10.2\jackson-datatype-jdk8-2.10.2.jar;F:\apache-maven-3.6.0\maven-repository\com\fasterxml\jackson\datatype\jackson-datatype-jsr310\2.10.2\jackson-datatype-jsr310-2.10.2.jar;F:\apache-maven-3.6.0\maven-repository\com\fasterxml\jackson\module\jackson-module-parameter-names\2.10.2\jackson-module-parameter-names-2.10.2.jar;F:\apache-maven-3.6.0\maven-repository\org\springframework\boot\spring-boot-starter-validation\2.2.3.BUILD-SNAPSHOT\spring-boot-starter-validation-2.2.3.BUILD-SNAPSHOT.jar;F:\apache-maven-3.6.0\maven-repository\jakarta\validation\jakarta.validation-api\2.0.2\jakarta.validation-api-2.0.2.jar;F:\apache-maven-3.6.0\maven-repository\org\hibernate\validator\hibernate-validator\6.0.18.Final\hibernate-validator-6.0.18.Final.jar;F:\apache-maven-3.6.0\maven-repository\org\jboss\logging\jboss-logging\3.4.1.Final\jboss-logging-3.4.1.Final.jar;F:\apache-maven-3.6.0\maven-repository\com\fasterxml\classmate\1.5.1\classmate-1.5.1.jar;F:\apache-maven-3.6.0\maven-repository\org\springframework\spring-web\5.2.3.RELEASE\spring-web-5.2.3.RELEASE.jar;F:\apache-maven-3.6.0\maven-repository\org\springframework\spring-beans\5.2.3.RELEASE\spring-beans-5.2.3.RELEASE.jar;F:\apache-maven-3.6.0\maven-repository\org\springframework\spring-webmvc\5.2.3.RELEASE\spring-webmvc-5.2.3.RELEASE.jar;F:\apache-maven-3.6.0\maven-repository\org\springframework\spring-context\5.2.3.RELEASE\spring-context-5.2.3.RELEASE.jar;F:\apache-maven-3.6.0\maven-repository\org\springframework\spring-expression\5.2.3.RELEASE\spring-expression-5.2.3.RELEASE.jar;F:\apache-maven-3.6.0\maven-repository\org\springframework\boot\spring-boot-devtools\2.2.3.BUILD-SNAPSHOT\spring-boot-devtools-2.2.3.BUILD-SNAPSHOT.jar;F:\apache-maven-3.6.0\maven-repository\org\springframework\boot\spring-boot\2.2.3.BUILD-SNAPSHOT\spring-boot-2.2.3.BUILD-SNAPSHOT.jar;F:\apache-maven-3.6.0\maven-repository\org\springframework\boot\spring-boot-autoconfigure\2.2.3.BUILD-SNAPSHOT\spring-boot-autoconfigure-2.2.3.BUILD-SNAPSHOT.jar;F:\apache-maven-3.6.0\maven-repository\org\springframework\boot\spring-boot-starter-test\2.2.3.BUILD-SNAPSHOT\spring-boot-starter-test-2.2.3.BUILD-SNAPSHOT.jar;F:\apache-maven-3.6.0\maven-repository\org\springframework\boot\spring-boot-test\2.2.3.BUILD-SNAPSHOT\spring-boot-test-2.2.3.BUILD-SNAPSHOT.jar;F:\apache-maven-3.6.0\maven-repository\org\springframework\boot\spring-boot-test-autoconfigure\2.2.3.BUILD-SNAPSHOT\spring-boot-test-autoconfigure-2.2.3.BUILD-SNAPSHOT.jar;F:\apache-maven-3.6.0\maven-repository\com\jayway\jsonpath\json-path\2.4.0\json-path-2.4.0.jar;F:\apache-maven-3.6.0\maven-repository\net\minidev\json-smart\2.3\json-smart-2.3.jar;F:\apache-maven-3.6.0\maven-repository\net\minidev\accessors-smart\1.2\accessors-smart-1.2.jar;F:\apache-maven-3.6.0\maven-repository\org\ow2\asm\asm\5.0.4\asm-5.0.4.jar;F:\apache-maven-3.6.0\maven-repository\org\slf4j\slf4j-api\1.7.30\slf4j-api-1.7.30.jar;F:\apache-maven-3.6.0\maven-repository\jakarta\xml\bind\jakarta.xml.bind-api\2.3.2\jakarta.xml.bind-api-2.3.2.jar;F:\apache-maven-3.6.0\maven-repository\jakarta\activation\jakarta.activation-api\1.2.1\jakarta.activation-api-1.2.1.jar;F:\apache-maven-3.6.0\maven-repository\org\junit\jupiter\junit-jupiter\5.5.2\junit-jupiter-5.5.2.jar;F:\apache-maven-3.6.0\maven-repository\org\junit\jupiter\junit-jupiter-api\5.5.2\junit-jupiter-api-5.5.2.jar;F:\apache-maven-3.6.0\maven-repository\org\apiguardian\apiguardian-api\1.1.0\apiguardian-api-1.1.0.jar;F:\apache-maven-3.6.0\maven-repository\org\opentest4j\opentest4j\1.2.0\opentest4j-1.2.0.jar;F:\apache-maven-3.6.0\maven-repository\org\junit\platform\junit-platform-commons\1.5.2\junit-platform-commons-1.5.2.jar;F:\apache-maven-3.6.0\maven-repository\org\junit\jupiter\junit-jupiter-params\5.5.2\junit-jupiter-params-5.5.2.jar;F:\apache-maven-3.6.0\maven-repository\org\junit\jupiter\junit-jupiter-engine\5.5.2\junit-jupiter-engine-5.5.2.jar;F:\apache-maven-3.6.0\maven-repository\org\junit\platform\junit-platform-engine\1.5.2\junit-platform-engine-1.5.2.jar;F:\apache-maven-3.6.0\maven-repository\org\mockito\mockito-junit-jupiter\3.1.0\mockito-junit-jupiter-3.1.0.jar;F:\apache-maven-3.6.0\maven-repository\org\assertj\assertj-core\3.13.2\assertj-core-3.13.2.jar;F:\apache-maven-3.6.0\maven-repository\org\hamcrest\hamcrest\2.1\hamcrest-2.1.jar;F:\apache-maven-3.6.0\maven-repository\org\mockito\mockito-core\3.1.0\mockito-core-3.1.0.jar;F:\apache-maven-3.6.0\maven-repository\net\bytebuddy\byte-buddy\1.10.6\byte-buddy-1.10.6.jar;F:\apache-maven-3.6.0\maven-repository\net\bytebuddy\byte-buddy-agent\1.10.6\byte-buddy-agent-1.10.6.jar;F:\apache-maven-3.6.0\maven-repository\org\objenesis\objenesis\2.6\objenesis-2.6.jar;F:\apache-maven-3.6.0\maven-repository\org\skyscreamer\jsonassert\1.5.0\jsonassert-1.5.0.jar;F:\apache-maven-3.6.0\maven-repository\com\vaadin\external\google\android-json\0.0.20131108.vaadin1\android-json-0.0.20131108.vaadin1.jar;F:\apache-maven-3.6.0\maven-repository\org\springframework\spring-core\5.2.3.RELEASE\spring-core-5.2.3.RELEASE.jar;F:\apache-maven-3.6.0\maven-repository\org\springframework\spring-jcl\5.2.3.RELEASE\spring-jcl-5.2.3.RELEASE.jar;F:\apache-maven-3.6.0\maven-repository\org\springframework\spring-test\5.2.3.RELEASE\spring-test-5.2.3.RELEASE.jar;F:\apache-maven-3.6.0\maven-repository\org\xmlunit\xmlunit-core\2.6.3\xmlunit-core-2.6.3.jar;F:\apache-maven-3.6.0\maven-repository\org\mybatis\spring\boot\mybatis-spring-boot-starter\2.1.1\mybatis-spring-boot-starter-2.1.1.jar;F:\apache-maven-3.6.0\maven-repository\org\springframework\boot\spring-boot-starter-jdbc\2.2.3.BUILD-SNAPSHOT\spring-boot-starter-jdbc-2.2.3.BUILD-SNAPSHOT.jar;F:\apache-maven-3.6.0\maven-repository\com\zaxxer\HikariCP\3.4.2\HikariCP-3.4.2.jar;F:\apache-maven-3.6.0\maven-repository\org\springframework\spring-jdbc\5.2.3.RELEASE\spring-jdbc-5.2.3.RELEASE.jar;F:\apache-maven-3.6.0\maven-repository\org\springframework\spring-tx\5.2.3.RELEASE\spring-tx-5.2.3.RELEASE.jar;F:\apache-maven-3.6.0\maven-repository\org\mybatis\spring\boot\mybatis-spring-boot-autoconfigure\2.1.1\mybatis-spring-boot-autoconfigure-2.1.1.jar;F:\apache-maven-3.6.0\maven-repository\org\mybatis\mybatis\3.5.3\mybatis-3.5.3.jar;F:\apache-maven-3.6.0\maven-repository\org\mybatis\mybatis-spring\2.0.3\mybatis-spring-2.0.3.jar;F:\apache-maven-3.6.0\maven-repository\org\springframework\boot\spring-boot-starter-aop\2.2.3.BUILD-SNAPSHOT\spring-boot-starter-aop-2.2.3.BUILD-SNAPSHOT.jar;F:\apache-maven-3.6.0\maven-repository\org\springframework\spring-aop\5.2.3.RELEASE\spring-aop-5.2.3.RELEASE.jar;F:\apache-maven-3.6.0\maven-repository\org\aspectj\aspectjweaver\1.9.5\aspectjweaver-1.9.5.jar;F:\apache-maven-3.6.0\maven-repository\mysql\mysql-connector-java\8.0.19\mysql-connector-java-8.0.19.jar;F:\apache-maven-3.6.0\maven-repository\org\springframework\boot\spring-boot-starter-thymeleaf\2.2.3.BUILD-SNAPSHOT\spring-boot-starter-thymeleaf-2.2.3.BUILD-SNAPSHOT.jar;F:\apache-maven-3.6.0\maven-repository\org\thymeleaf\thymeleaf-spring5\3.0.11.RELEASE\thymeleaf-spring5-3.0.11.RELEASE.jar;F:\apache-maven-3.6.0\maven-repository\org\thymeleaf\thymeleaf\3.0.11.RELEASE\thymeleaf-3.0.11.RELEASE.jar;F:\apache-maven-3.6.0\maven-repository\org\attoparser\attoparser\2.0.5.RELEASE\attoparser-2.0.5.RELEASE.jar;F:\apache-maven-3.6.0\maven-repository\org\unbescape\unbescape\1.1.6.RELEASE\unbescape-1.1.6.RELEASE.jar;F:\apache-maven-3.6.0\maven-repository\org\thymeleaf\extras\thymeleaf-extras-java8time\3.0.4.RELEASE\thymeleaf-extras-java8time-3.0.4.RELEASE.jar;F:\apache-maven-3.6.0\maven-repository\net\sourceforge\nekohtml\nekohtml\1.9.22\nekohtml-1.9.22.jar;F:\apache-maven-3.6.0\maven-repository\xerces\xercesImpl\2.11.0\xercesImpl-2.11.0.jar;F:\apache-maven-3.6.0\maven-repository\xml-apis\xml-apis\1.4.01\xml-apis-1.4.01.jar;F:\apache-maven-3.6.0\maven-repository\log4j\log4j\1.2.17\log4j-1.2.17.jar;F:\apache-maven-3.6.0\maven-repository\org\projectlombok\lombok\1.18.10\lombok-1.18.10.jar;F:\apache-maven-3.6.0\maven-repository\com\github\pagehelper\pagehelper-spring-boot-starter\1.2.13\pagehelper-spring-boot-starter-1.2.13.jar;F:\apache-maven-3.6.0\maven-repository\com\github\pagehelper\pagehelper-spring-boot-autoconfigure\1.2.13\pagehelper-spring-boot-autoconfigure-1.2.13.jar;F:\apache-maven-3.6.0\maven-repository\com\github\pagehelper\pagehelper\5.1.11\pagehelper-5.1.11.jar;F:\apache-maven-3.6.0\maven-repository\com\github\jsqlparser\jsqlparser\2.0\jsqlparser-2.0.jar;F:\apache-maven-3.6.0\maven-repository\com\atlassian\commonmark\commonmark\0.14.0\commonmark-0.14.0.jar;F:\apache-maven-3.6.0\maven-repository\com\atlassian\commonmark\commonmark-ext-gfm-tables\0.14.0\commonmark-ext-gfm-tables-0.14.0.jar;F:\apache-maven-3.6.0\maven-repository\com\atlassian\commonmark\commonmark-ext-heading-anchor\0.14.0\commonmark-ext-heading-anchor-0.14.0.jar;F:\apache-maven-3.6.0\maven-repository\eu\bitwalker\UserAgentUtils\1.20\UserAgentUtils-1.20.jar;"/>
    <property name="java.vm.vendor" value="Oracle Corporation"/>
    <property name="sun.arch.data.model" value="64"/>
    <property name="user.variant" value=""/>
    <property name="java.vendor.url" value="http://java.oracle.com/"/>
    <property name="user.timezone" value="Asia/Shanghai"/>
    <property name="java.vm.specification.version" value="1.8"/>
    <property name="os.name" value="Windows 10"/>
    <property name="user.country" value="CN"/>
    <property name="sun.java.launcher" value="SUN_STANDARD"/>
    <property name="sun.boot.library.path" value="C:\Program Files\Java\jdk1.8.0_201\jre\bin"/>
    <property name="sun.java.command" value="C:\Users\IamCQ\AppData\Local\Temp\surefire7318567749941178928\surefirebooter5425201602226600093.jar C:\Users\IamCQ\AppData\Local\Temp\surefire7318567749941178928 2020-03-13T15-39-03_544-jvmRun1 surefire8903415961224133057tmp surefire_01032197807664747319tmp"/>
    <property name="surefire.test.class.path" value="F:\blog\target\test-classes;F:\blog\target\classes;F:\apache-maven-3.6.0\maven-repository\org\springframework\boot\spring-boot-starter-tomcat\2.2.3.BUILD-SNAPSHOT\spring-boot-starter-tomcat-2.2.3.BUILD-SNAPSHOT.jar;F:\apache-maven-3.6.0\maven-repository\jakarta\annotation\jakarta.annotation-api\1.3.5\jakarta.annotation-api-1.3.5.jar;F:\apache-maven-3.6.0\maven-repository\org\apache\tomcat\embed\tomcat-embed-core\9.0.30\tomcat-embed-core-9.0.30.jar;F:\apache-maven-3.6.0\maven-repository\org\apache\tomcat\embed\tomcat-embed-el\9.0.30\tomcat-embed-el-9.0.30.jar;F:\apache-maven-3.6.0\maven-repository\org\apache\tomcat\embed\tomcat-embed-websocket\9.0.30\tomcat-embed-websocket-9.0.30.jar;F:\apache-maven-3.6.0\maven-repository\org\springframework\boot\spring-boot-starter-web\2.2.3.BUILD-SNAPSHOT\spring-boot-starter-web-2.2.3.BUILD-SNAPSHOT.jar;F:\apache-maven-3.6.0\maven-repository\org\springframework\boot\spring-boot-starter\2.2.3.BUILD-SNAPSHOT\spring-boot-starter-2.2.3.BUILD-SNAPSHOT.jar;F:\apache-maven-3.6.0\maven-repository\org\springframework\boot\spring-boot-starter-logging\2.2.3.BUILD-SNAPSHOT\spring-boot-starter-logging-2.2.3.BUILD-SNAPSHOT.jar;F:\apache-maven-3.6.0\maven-repository\ch\qos\logback\logback-classic\1.2.3\logback-classic-1.2.3.jar;F:\apache-maven-3.6.0\maven-repository\ch\qos\logback\logback-core\1.2.3\logback-core-1.2.3.jar;F:\apache-maven-3.6.0\maven-repository\org\apache\logging\log4j\log4j-to-slf4j\2.12.1\log4j-to-slf4j-2.12.1.jar;F:\apache-maven-3.6.0\maven-repository\org\apache\logging\log4j\log4j-api\2.12.1\log4j-api-2.12.1.jar;F:\apache-maven-3.6.0\maven-repository\org\slf4j\jul-to-slf4j\1.7.30\jul-to-slf4j-1.7.30.jar;F:\apache-maven-3.6.0\maven-repository\org\yaml\snakeyaml\1.25\snakeyaml-1.25.jar;F:\apache-maven-3.6.0\maven-repository\org\springframework\boot\spring-boot-starter-json\2.2.3.BUILD-SNAPSHOT\spring-boot-starter-json-2.2.3.BUILD-SNAPSHOT.jar;F:\apache-maven-3.6.0\maven-repository\com\fasterxml\jackson\core\jackson-databind\2.10.2\jackson-databind-2.10.2.jar;F:\apache-maven-3.6.0\maven-repository\com\fasterxml\jackson\core\jackson-annotations\2.10.2\jackson-annotations-2.10.2.jar;F:\apache-maven-3.6.0\maven-repository\com\fasterxml\jackson\core\jackson-core\2.10.2\jackson-core-2.10.2.jar;F:\apache-maven-3.6.0\maven-repository\com\fasterxml\jackson\datatype\jackson-datatype-jdk8\2.10.2\jackson-datatype-jdk8-2.10.2.jar;F:\apache-maven-3.6.0\maven-repository\com\fasterxml\jackson\datatype\jackson-datatype-jsr310\2.10.2\jackson-datatype-jsr310-2.10.2.jar;F:\apache-maven-3.6.0\maven-repository\com\fasterxml\jackson\module\jackson-module-parameter-names\2.10.2\jackson-module-parameter-names-2.10.2.jar;F:\apache-maven-3.6.0\maven-repository\org\springframework\boot\spring-boot-starter-validation\2.2.3.BUILD-SNAPSHOT\spring-boot-starter-validation-2.2.3.BUILD-SNAPSHOT.jar;F:\apache-maven-3.6.0\maven-repository\jakarta\validation\jakarta.validation-api\2.0.2\jakarta.validation-api-2.0.2.jar;F:\apache-maven-3.6.0\maven-repository\org\hibernate\validator\hibernate-validator\6.0.18.Final\hibernate-validator-6.0.18.Final.jar;F:\apache-maven-3.6.0\maven-repository\org\jboss\logging\jboss-logging\3.4.1.Final\jboss-logging-3.4.1.Final.jar;F:\apache-maven-3.6.0\maven-repository\com\fasterxml\classmate\1.5.1\classmate-1.5.1.jar;F:\apache-maven-3.6.0\maven-repository\org\springframework\spring-web\5.2.3.RELEASE\spring-web-5.2.3.RELEASE.jar;F:\apache-maven-3.6.0\maven-repository\org\springframework\spring-beans\5.2.3.RELEASE\spring-beans-5.2.3.RELEASE.jar;F:\apache-maven-3.6.0\maven-repository\org\springframework\spring-webmvc\5.2.3.RELEASE\spring-webmvc-5.2.3.RELEASE.jar;F:\apache-maven-3.6.0\maven-repository\org\springframework\spring-context\5.2.3.RELEASE\spring-context-5.2.3.RELEASE.jar;F:\apache-maven-3.6.0\maven-repository\org\springframework\spring-expression\5.2.3.RELEASE\spring-expression-5.2.3.RELEASE.jar;F:\apache-maven-3.6.0\maven-repository\org\springframework\boot\spring-boot-devtools\2.2.3.BUILD-SNAPSHOT\spring-boot-devtools-2.2.3.BUILD-SNAPSHOT.jar;F:\apache-maven-3.6.0\maven-repository\org\springframework\boot\spring-boot\2.2.3.BUILD-SNAPSHOT\spring-boot-2.2.3.BUILD-SNAPSHOT.jar;F:\apache-maven-3.6.0\maven-repository\org\springframework\boot\spring-boot-autoconfigure\2.2.3.BUILD-SNAPSHOT\spring-boot-autoconfigure-2.2.3.BUILD-SNAPSHOT.jar;F:\apache-maven-3.6.0\maven-repository\org\springframework\boot\spring-boot-starter-test\2.2.3.BUILD-SNAPSHOT\spring-boot-starter-test-2.2.3.BUILD-SNAPSHOT.jar;F:\apache-maven-3.6.0\maven-repository\org\springframework\boot\spring-boot-test\2.2.3.BUILD-SNAPSHOT\spring-boot-test-2.2.3.BUILD-SNAPSHOT.jar;F:\apache-maven-3.6.0\maven-repository\org\springframework\boot\spring-boot-test-autoconfigure\2.2.3.BUILD-SNAPSHOT\spring-boot-test-autoconfigure-2.2.3.BUILD-SNAPSHOT.jar;F:\apache-maven-3.6.0\maven-repository\com\jayway\jsonpath\json-path\2.4.0\json-path-2.4.0.jar;F:\apache-maven-3.6.0\maven-repository\net\minidev\json-smart\2.3\json-smart-2.3.jar;F:\apache-maven-3.6.0\maven-repository\net\minidev\accessors-smart\1.2\accessors-smart-1.2.jar;F:\apache-maven-3.6.0\maven-repository\org\ow2\asm\asm\5.0.4\asm-5.0.4.jar;F:\apache-maven-3.6.0\maven-repository\org\slf4j\slf4j-api\1.7.30\slf4j-api-1.7.30.jar;F:\apache-maven-3.6.0\maven-repository\jakarta\xml\bind\jakarta.xml.bind-api\2.3.2\jakarta.xml.bind-api-2.3.2.jar;F:\apache-maven-3.6.0\maven-repository\jakarta\activation\jakarta.activation-api\1.2.1\jakarta.activation-api-1.2.1.jar;F:\apache-maven-3.6.0\maven-repository\org\junit\jupiter\junit-jupiter\5.5.2\junit-jupiter-5.5.2.jar;F:\apache-maven-3.6.0\maven-repository\org\junit\jupiter\junit-jupiter-api\5.5.2\junit-jupiter-api-5.5.2.jar;F:\apache-maven-3.6.0\maven-repository\org\apiguardian\apiguardian-api\1.1.0\apiguardian-api-1.1.0.jar;F:\apache-maven-3.6.0\maven-repository\org\opentest4j\opentest4j\1.2.0\opentest4j-1.2.0.jar;F:\apache-maven-3.6.0\maven-repository\org\junit\platform\junit-platform-commons\1.5.2\junit-platform-commons-1.5.2.jar;F:\apache-maven-3.6.0\maven-repository\org\junit\jupiter\junit-jupiter-params\5.5.2\junit-jupiter-params-5.5.2.jar;F:\apache-maven-3.6.0\maven-repository\org\junit\jupiter\junit-jupiter-engine\5.5.2\junit-jupiter-engine-5.5.2.jar;F:\apache-maven-3.6.0\maven-repository\org\junit\platform\junit-platform-engine\1.5.2\junit-platform-engine-1.5.2.jar;F:\apache-maven-3.6.0\maven-repository\org\mockito\mockito-junit-jupiter\3.1.0\mockito-junit-jupiter-3.1.0.jar;F:\apache-maven-3.6.0\maven-repository\org\assertj\assertj-core\3.13.2\assertj-core-3.13.2.jar;F:\apache-maven-3.6.0\maven-repository\org\hamcrest\hamcrest\2.1\hamcrest-2.1.jar;F:\apache-maven-3.6.0\maven-repository\org\mockito\mockito-core\3.1.0\mockito-core-3.1.0.jar;F:\apache-maven-3.6.0\maven-repository\net\bytebuddy\byte-buddy\1.10.6\byte-buddy-1.10.6.jar;F:\apache-maven-3.6.0\maven-repository\net\bytebuddy\byte-buddy-agent\1.10.6\byte-buddy-agent-1.10.6.jar;F:\apache-maven-3.6.0\maven-repository\org\objenesis\objenesis\2.6\objenesis-2.6.jar;F:\apache-maven-3.6.0\maven-repository\org\skyscreamer\jsonassert\1.5.0\jsonassert-1.5.0.jar;F:\apache-maven-3.6.0\maven-repository\com\vaadin\external\google\android-json\0.0.20131108.vaadin1\android-json-0.0.20131108.vaadin1.jar;F:\apache-maven-3.6.0\maven-repository\org\springframework\spring-core\5.2.3.RELEASE\spring-core-5.2.3.RELEASE.jar;F:\apache-maven-3.6.0\maven-repository\org\springframework\spring-jcl\5.2.3.RELEASE\spring-jcl-5.2.3.RELEASE.jar;F:\apache-maven-3.6.0\maven-repository\org\springframework\spring-test\5.2.3.RELEASE\spring-test-5.2.3.RELEASE.jar;F:\apache-maven-3.6.0\maven-repository\org\xmlunit\xmlunit-core\2.6.3\xmlunit-core-2.6.3.jar;F:\apache-maven-3.6.0\maven-repository\org\mybatis\spring\boot\mybatis-spring-boot-starter\2.1.1\mybatis-spring-boot-starter-2.1.1.jar;F:\apache-maven-3.6.0\maven-repository\org\springframework\boot\spring-boot-starter-jdbc\2.2.3.BUILD-SNAPSHOT\spring-boot-starter-jdbc-2.2.3.BUILD-SNAPSHOT.jar;F:\apache-maven-3.6.0\maven-repository\com\zaxxer\HikariCP\3.4.2\HikariCP-3.4.2.jar;F:\apache-maven-3.6.0\maven-repository\org\springframework\spring-jdbc\5.2.3.RELEASE\spring-jdbc-5.2.3.RELEASE.jar;F:\apache-maven-3.6.0\maven-repository\org\springframework\spring-tx\5.2.3.RELEASE\spring-tx-5.2.3.RELEASE.jar;F:\apache-maven-3.6.0\maven-repository\org\mybatis\spring\boot\mybatis-spring-boot-autoconfigure\2.1.1\mybatis-spring-boot-autoconfigure-2.1.1.jar;F:\apache-maven-3.6.0\maven-repository\org\mybatis\mybatis\3.5.3\mybatis-3.5.3.jar;F:\apache-maven-3.6.0\maven-repository\org\mybatis\mybatis-spring\2.0.3\mybatis-spring-2.0.3.jar;F:\apache-maven-3.6.0\maven-repository\org\springframework\boot\spring-boot-starter-aop\2.2.3.BUILD-SNAPSHOT\spring-boot-starter-aop-2.2.3.BUILD-SNAPSHOT.jar;F:\apache-maven-3.6.0\maven-repository\org\springframework\spring-aop\5.2.3.RELEASE\spring-aop-5.2.3.RELEASE.jar;F:\apache-maven-3.6.0\maven-repository\org\aspectj\aspectjweaver\1.9.5\aspectjweaver-1.9.5.jar;F:\apache-maven-3.6.0\maven-repository\mysql\mysql-connector-java\8.0.19\mysql-connector-java-8.0.19.jar;F:\apache-maven-3.6.0\maven-repository\org\springframework\boot\spring-boot-starter-thymeleaf\2.2.3.BUILD-SNAPSHOT\spring-boot-starter-thymeleaf-2.2.3.BUILD-SNAPSHOT.jar;F:\apache-maven-3.6.0\maven-repository\org\thymeleaf\thymeleaf-spring5\3.0.11.RELEASE\thymeleaf-spring5-3.0.11.RELEASE.jar;F:\apache-maven-3.6.0\maven-repository\org\thymeleaf\thymeleaf\3.0.11.RELEASE\thymeleaf-3.0.11.RELEASE.jar;F:\apache-maven-3.6.0\maven-repository\org\attoparser\attoparser\2.0.5.RELEASE\attoparser-2.0.5.RELEASE.jar;F:\apache-maven-3.6.0\maven-repository\org\unbescape\unbescape\1.1.6.RELEASE\unbescape-1.1.6.RELEASE.jar;F:\apache-maven-3.6.0\maven-repository\org\thymeleaf\extras\thymeleaf-extras-java8time\3.0.4.RELEASE\thymeleaf-extras-java8time-3.0.4.RELEASE.jar;F:\apache-maven-3.6.0\maven-repository\net\sourceforge\nekohtml\nekohtml\1.9.22\nekohtml-1.9.22.jar;F:\apache-maven-3.6.0\maven-repository\xerces\xercesImpl\2.11.0\xercesImpl-2.11.0.jar;F:\apache-maven-3.6.0\maven-repository\xml-apis\xml-apis\1.4.01\xml-apis-1.4.01.jar;F:\apache-maven-3.6.0\maven-repository\log4j\log4j\1.2.17\log4j-1.2.17.jar;F:\apache-maven-3.6.0\maven-repository\org\projectlombok\lombok\1.18.10\lombok-1.18.10.jar;F:\apache-maven-3.6.0\maven-repository\com\github\pagehelper\pagehelper-spring-boot-starter\1.2.13\pagehelper-spring-boot-starter-1.2.13.jar;F:\apache-maven-3.6.0\maven-repository\com\github\pagehelper\pagehelper-spring-boot-autoconfigure\1.2.13\pagehelper-spring-boot-autoconfigure-1.2.13.jar;F:\apache-maven-3.6.0\maven-repository\com\github\pagehelper\pagehelper\5.1.11\pagehelper-5.1.11.jar;F:\apache-maven-3.6.0\maven-repository\com\github\jsqlparser\jsqlparser\2.0\jsqlparser-2.0.jar;F:\apache-maven-3.6.0\maven-repository\com\atlassian\commonmark\commonmark\0.14.0\commonmark-0.14.0.jar;F:\apache-maven-3.6.0\maven-repository\com\atlassian\commonmark\commonmark-ext-gfm-tables\0.14.0\commonmark-ext-gfm-tables-0.14.0.jar;F:\apache-maven-3.6.0\maven-repository\com\atlassian\commonmark\commonmark-ext-heading-anchor\0.14.0\commonmark-ext-heading-anchor-0.14.0.jar;F:\apache-maven-3.6.0\maven-repository\eu\bitwalker\UserAgentUtils\1.20\UserAgentUtils-1.20.jar;"/>
    <property name="sun.cpu.endian" value="little"/>
    <property name="user.home" value="C:\Users\IamCQ"/>
    <property name="user.language" value="zh"/>
    <property name="java.specification.vendor" value="Oracle Corporation"/>
    <property name="java.home" value="C:\Program Files\Java\jdk1.8.0_201\jre"/>
    <property name="basedir" value="F:\blog"/>
    <property name="file.separator" value="\"/>
    <property name="line.separator" value="&#10;"/>
    <property name="java.vm.specification.vendor" value="Oracle Corporation"/>
    <property name="java.specification.name" value="Java Platform API Specification"/>
    <property name="java.awt.graphicsenv" value="sun.awt.Win32GraphicsEnvironment"/>
    <property name="surefire.real.class.path" value="C:\Users\IamCQ\AppData\Local\Temp\surefire7318567749941178928\surefirebooter5425201602226600093.jar"/>
    <property name="sun.boot.class.path" value="C:\Program Files\Java\jdk1.8.0_201\jre\lib\resources.jar;C:\Program Files\Java\jdk1.8.0_201\jre\lib\rt.jar;C:\Program Files\Java\jdk1.8.0_201\jre\lib\sunrsasign.jar;C:\Program Files\Java\jdk1.8.0_201\jre\lib\jsse.jar;C:\Program Files\Java\jdk1.8.0_201\jre\lib\jce.jar;C:\Program Files\Java\jdk1.8.0_201\jre\lib\charsets.jar;C:\Program Files\Java\jdk1.8.0_201\jre\lib\jfr.jar;C:\Program Files\Java\jdk1.8.0_201\jre\classes"/>
    <property name="user.script" value=""/>
    <property name="sun.management.compiler" value="HotSpot 64-Bit Tiered Compilers"/>
    <property name="java.runtime.version" value="1.8.0_201-b09"/>
    <property name="user.name" value="IamCQ"/>
    <property name="path.separator" value=";"/>
    <property name="os.version" value="10.0"/>
    <property name="java.endorsed.dirs" value="C:\Program Files\Java\jdk1.8.0_201\jre\lib\endorsed"/>
    <property name="java.runtime.name" value="Java(TM) SE Runtime Environment"/>
    <property name="file.encoding" value="GBK"/>
    <property name="java.vm.name" value="Java HotSpot(TM) 64-Bit Server VM"/>
    <property name="localRepository" value="F:\apache-maven-3.6.0\maven-repository"/>
    <property name="java.vendor.url.bug" value="http://bugreport.sun.com/bugreport/"/>
    <property name="java.io.tmpdir" value="C:\Users\IamCQ\AppData\Local\Temp\"/>
    <property name="java.version" value="1.8.0_201"/>
    <property name="user.dir" value="F:\blog"/>
    <property name="os.arch" value="amd64"/>
    <property name="java.vm.specification.name" value="Java Virtual Machine Specification"/>
    <property name="java.awt.printerjob" value="sun.awt.windows.WPrinterJob"/>
    <property name="sun.os.patch.level" value=""/>
    <property name="java.library.path" value="C:\Program Files\Java\jdk1.8.0_201\jre\bin;C:\WINDOWS\Sun\Java\bin;C:\WINDOWS\system32;C:\WINDOWS;C:\Program Files (x86)\Common Files\Oracle\Java\javapath;C:\Program Files (x86)\Intel\iCLS Client\;C:\Program Files\Intel\iCLS Client\;C:\Windows\system32;C:\Windows;C:\Windows\System32\Wbem;C:\Windows\System32\WindowsPowerShell\v1.0\;C:\Program Files (x86)\NVIDIA Corporation\PhysX\Common;C:\Program Files (x86)\Intel\Intel(R) Management Engine Components\DAL;C:\Program Files\Intel\Intel(R) Management Engine Components\DAL;C:\Program Files (x86)\Intel\Intel(R) Management Engine Components\IPT;C:\Program Files\Intel\Intel(R) Management Engine Components\IPT;C:\WINDOWS\system32;C:\WINDOWS;C:\WINDOWS\System32\Wbem;C:\WINDOWS\System32\WindowsPowerShell\v1.0\;C:\WINDOWS\System32\OpenSSH\;&quot;C:\Program Files\Java\jdk1.8.0_201\bin;C:\Program Files\Java\jdk1.8.0_201\jre\bin;&quot;;C:\Program Files\dotnet\;F:\apache-maven-3.6.0\bin;C:\Program Files\Common Files\Autodesk Shared\;D:\Git\cmd;K:\MySQL\bin;K:\matlabexe\runtime\win64;K:\matlabexe\bin;F:\nodejs\;K:\GnuWin32\bin;K:\bin;C:\Users\IamCQ\AppData\Local\Programs\Python\Python37\Scripts\;C:\Users\IamCQ\AppData\Local\Programs\Python\Python37\;C:\Users\IamCQ\AppData\Local\Microsoft\WindowsApps;K:\Microsoft VS Code\bin;C:\Users\IamCQ\AppData\Roaming\npm;;."/>
    <property name="java.vm.info" value="mixed mode"/>
    <property name="java.vendor" value="Oracle Corporation"/>
    <property name="java.vm.version" value="25.201-b09"/>
    <property name="java.ext.dirs" value="C:\Program Files\Java\jdk1.8.0_201\jre\lib\ext;C:\WINDOWS\Sun\Java\lib\ext"/>
    <property name="sun.io.unicode.encoding" value="UnicodeLittle"/>
    <property name="java.class.version" value="52.0"/>
  </properties>
  <testcase name="test" classname="com.chain.blog.BlogApplicationTests" time="0.217"/>
</testsuite>